<?xml version="1.0" encoding="UTF-8"?>
<testsuite xmlns:xsi="http://www.w3.org/2001/XMLSchema-instance" xsi:noNamespaceSchemaLocation="https://maven.apache.org/surefire/maven-surefire-plugin/xsd/surefire-test-report.xsd" name="com.cg.mts.servicetest.CustomerServiceTest" time="2.687" tests="4" errors="0" skipped="0" failures="1">
  <properties>
    <property name="sun.desktop" value="windows"/>
    <property name="awt.toolkit" value="sun.awt.windows.WToolkit"/>
    <property name="file.encoding.pkg" value="sun.io"/>
    <property name="java.specification.version" value="1.8"/>
    <property name="sun.cpu.isalist" value="amd64"/>
    <property name="sun.jnu.encoding" value="Cp1252"/>
    <property name="java.class.path" value="D:\Capgemini Project\CBA\target\test-classes;D:\Capgemini Project\CBA\target\classes;C:\Users\Anirban Goswami\.m2\repository\org\springframework\boot\spring-boot-starter-data-jpa\2.5.2\spring-boot-starter-data-jpa-2.5.2.jar;C:\Users\Anirban Goswami\.m2\repository\org\springframework\boot\spring-boot-starter-aop\2.5.2\spring-boot-starter-aop-2.5.2.jar;C:\Users\Anirban Goswami\.m2\repository\org\springframework\spring-aop\5.3.8\spring-aop-5.3.8.jar;C:\Users\Anirban Goswami\.m2\repository\org\aspectj\aspectjweaver\1.9.6\aspectjweaver-1.9.6.jar;C:\Users\Anirban Goswami\.m2\repository\org\springframework\boot\spring-boot-starter-jdbc\2.5.2\spring-boot-starter-jdbc-2.5.2.jar;C:\Users\Anirban Goswami\.m2\repository\com\zaxxer\HikariCP\4.0.3\HikariCP-4.0.3.jar;C:\Users\Anirban Goswami\.m2\repository\org\springframework\spring-jdbc\5.3.8\spring-jdbc-5.3.8.jar;C:\Users\Anirban Goswami\.m2\repository\jakarta\transaction\jakarta.transaction-api\1.3.3\jakarta.transaction-api-1.3.3.jar;C:\Users\Anirban Goswami\.m2\repository\jakarta\persistence\jakarta.persistence-api\2.2.3\jakarta.persistence-api-2.2.3.jar;C:\Users\Anirban Goswami\.m2\repository\org\hibernate\hibernate-core\5.4.32.Final\hibernate-core-5.4.32.Final.jar;C:\Users\Anirban Goswami\.m2\repository\org\jboss\logging\jboss-logging\3.4.2.Final\jboss-logging-3.4.2.Final.jar;C:\Users\Anirban Goswami\.m2\repository\org\javassist\javassist\3.27.0-GA\javassist-3.27.0-GA.jar;C:\Users\Anirban Goswami\.m2\repository\antlr\antlr\2.7.7\antlr-2.7.7.jar;C:\Users\Anirban Goswami\.m2\repository\org\jboss\jandex\2.2.3.Final\jandex-2.2.3.Final.jar;C:\Users\Anirban Goswami\.m2\repository\org\dom4j\dom4j\2.1.3\dom4j-2.1.3.jar;C:\Users\Anirban Goswami\.m2\repository\org\hibernate\common\hibernate-commons-annotations\5.1.2.Final\hibernate-commons-annotations-5.1.2.Final.jar;C:\Users\Anirban Goswami\.m2\repository\org\glassfish\jaxb\jaxb-runtime\2.3.4\jaxb-runtime-2.3.4.jar;C:\Users\Anirban Goswami\.m2\repository\org\glassfish\jaxb\txw2\2.3.4\txw2-2.3.4.jar;C:\Users\Anirban Goswami\.m2\repository\com\sun\istack\istack-commons-runtime\3.0.12\istack-commons-runtime-3.0.12.jar;C:\Users\Anirban Goswami\.m2\repository\com\sun\activation\jakarta.activation\1.2.2\jakarta.activation-1.2.2.jar;C:\Users\Anirban Goswami\.m2\repository\org\springframework\data\spring-data-jpa\2.5.2\spring-data-jpa-2.5.2.jar;C:\Users\Anirban Goswami\.m2\repository\org\springframework\data\spring-data-commons\2.5.2\spring-data-commons-2.5.2.jar;C:\Users\Anirban Goswami\.m2\repository\org\springframework\spring-orm\5.3.8\spring-orm-5.3.8.jar;C:\Users\Anirban Goswami\.m2\repository\org\springframework\spring-context\5.3.8\spring-context-5.3.8.jar;C:\Users\Anirban Goswami\.m2\repository\org\springframework\spring-tx\5.3.8\spring-tx-5.3.8.jar;C:\Users\Anirban Goswami\.m2\repository\org\springframework\spring-beans\5.3.8\spring-beans-5.3.8.jar;C:\Users\Anirban Goswami\.m2\repository\org\springframework\spring-aspects\5.3.8\spring-aspects-5.3.8.jar;C:\Users\Anirban Goswami\.m2\repository\org\springframework\boot\spring-boot-starter-web\2.5.2\spring-boot-starter-web-2.5.2.jar;C:\Users\Anirban Goswami\.m2\repository\org\springframework\boot\spring-boot-starter\2.5.2\spring-boot-starter-2.5.2.jar;C:\Users\Anirban Goswami\.m2\repository\org\springframework\boot\spring-boot-starter-logging\2.5.2\spring-boot-starter-logging-2.5.2.jar;C:\Users\Anirban Goswami\.m2\repository\ch\qos\logback\logback-classic\1.2.3\logback-classic-1.2.3.jar;C:\Users\Anirban Goswami\.m2\repository\ch\qos\logback\logback-core\1.2.3\logback-core-1.2.3.jar;C:\Users\Anirban Goswami\.m2\repository\org\apache\logging\log4j\log4j-to-slf4j\2.14.1\log4j-to-slf4j-2.14.1.jar;C:\Users\Anirban Goswami\.m2\repository\org\apache\logging\log4j\log4j-api\2.14.1\log4j-api-2.14.1.jar;C:\Users\Anirban Goswami\.m2\repository\org\slf4j\jul-to-slf4j\1.7.31\jul-to-slf4j-1.7.31.jar;C:\Users\Anirban Goswami\.m2\repository\jakarta\annotation\jakarta.annotation-api\1.3.5\jakarta.annotation-api-1.3.5.jar;C:\Users\Anirban Goswami\.m2\repository\org\yaml\snakeyaml\1.28\snakeyaml-1.28.jar;C:\Users\Anirban Goswami\.m2\repository\org\springframework\boot\spring-boot-starter-json\2.5.2\spring-boot-starter-json-2.5.2.jar;C:\Users\Anirban Goswami\.m2\repository\com\fasterxml\jackson\core\jackson-databind\2.12.3\jackson-databind-2.12.3.jar;C:\Users\Anirban Goswami\.m2\repository\com\fasterxml\jackson\core\jackson-core\2.12.3\jackson-core-2.12.3.jar;C:\Users\Anirban Goswami\.m2\repository\com\fasterxml\jackson\datatype\jackson-datatype-jdk8\2.12.3\jackson-datatype-jdk8-2.12.3.jar;C:\Users\Anirban Goswami\.m2\repository\com\fasterxml\jackson\datatype\jackson-datatype-jsr310\2.12.3\jackson-datatype-jsr310-2.12.3.jar;C:\Users\Anirban Goswami\.m2\repository\com\fasterxml\jackson\module\jackson-module-parameter-names\2.12.3\jackson-module-parameter-names-2.12.3.jar;C:\Users\Anirban Goswami\.m2\repository\org\springframework\boot\spring-boot-starter-tomcat\2.5.2\spring-boot-starter-tomcat-2.5.2.jar;C:\Users\Anirban Goswami\.m2\repository\org\apache\tomcat\embed\tomcat-embed-core\9.0.48\tomcat-embed-core-9.0.48.jar;C:\Users\Anirban Goswami\.m2\repository\org\apache\tomcat\embed\tomcat-embed-el\9.0.48\tomcat-embed-el-9.0.48.jar;C:\Users\Anirban Goswami\.m2\repository\org\apache\tomcat\embed\tomcat-embed-websocket\9.0.48\tomcat-embed-websocket-9.0.48.jar;C:\Users\Anirban Goswami\.m2\repository\org\springframework\spring-web\5.3.8\spring-web-5.3.8.jar;C:\Users\Anirban Goswami\.m2\repository\org\springframework\spring-webmvc\5.3.8\spring-webmvc-5.3.8.jar;C:\Users\Anirban Goswami\.m2\repository\org\springframework\spring-expression\5.3.8\spring-expression-5.3.8.jar;C:\Users\Anirban Goswami\.m2\repository\org\springframework\boot\spring-boot-devtools\2.5.2\spring-boot-devtools-2.5.2.jar;C:\Users\Anirban Goswami\.m2\repository\org\springframework\boot\spring-boot\2.5.2\spring-boot-2.5.2.jar;C:\Users\Anirban Goswami\.m2\repository\org\springframework\boot\spring-boot-autoconfigure\2.5.2\spring-boot-autoconfigure-2.5.2.jar;C:\Users\Anirban Goswami\.m2\repository\com\oracle\database\jdbc\ojdbc8\21.1.0.0\ojdbc8-21.1.0.0.jar;C:\Users\Anirban Goswami\.m2\repository\org\springframework\boot\spring-boot-starter-test\2.5.2\spring-boot-starter-test-2.5.2.jar;C:\Users\Anirban Goswami\.m2\repository\org\springframework\boot\spring-boot-test\2.5.2\spring-boot-test-2.5.2.jar;C:\Users\Anirban Goswami\.m2\repository\org\springframework\boot\spring-boot-test-autoconfigure\2.5.2\spring-boot-test-autoconfigure-2.5.2.jar;C:\Users\Anirban Goswami\.m2\repository\com\jayway\jsonpath\json-path\2.5.0\json-path-2.5.0.jar;C:\Users\Anirban Goswami\.m2\repository\net\minidev\json-smart\2.4.7\json-smart-2.4.7.jar;C:\Users\Anirban Goswami\.m2\repository\net\minidev\accessors-smart\2.4.7\accessors-smart-2.4.7.jar;C:\Users\Anirban Goswami\.m2\repository\org\ow2\asm\asm\9.1\asm-9.1.jar;C:\Users\Anirban Goswami\.m2\repository\jakarta\xml\bind\jakarta.xml.bind-api\2.3.3\jakarta.xml.bind-api-2.3.3.jar;C:\Users\Anirban Goswami\.m2\repository\jakarta\activation\jakarta.activation-api\1.2.2\jakarta.activation-api-1.2.2.jar;C:\Users\Anirban Goswami\.m2\repository\org\assertj\assertj-core\3.19.0\assertj-core-3.19.0.jar;C:\Users\Anirban Goswami\.m2\repository\org\hamcrest\hamcrest\2.2\hamcrest-2.2.jar;C:\Users\Anirban Goswami\.m2\repository\org\junit\jupiter\junit-jupiter\5.7.2\junit-jupiter-5.7.2.jar;C:\Users\Anirban Goswami\.m2\repository\org\junit\jupiter\junit-jupiter-api\5.7.2\junit-jupiter-api-5.7.2.jar;C:\Users\Anirban Goswami\.m2\repository\org\apiguardian\apiguardian-api\1.1.0\apiguardian-api-1.1.0.jar;C:\Users\Anirban Goswami\.m2\repository\org\opentest4j\opentest4j\1.2.0\opentest4j-1.2.0.jar;C:\Users\Anirban Goswami\.m2\repository\org\junit\platform\junit-platform-commons\1.7.2\junit-platform-commons-1.7.2.jar;C:\Users\Anirban Goswami\.m2\repository\org\junit\jupiter\junit-jupiter-params\5.7.2\junit-jupiter-params-5.7.2.jar;C:\Users\Anirban Goswami\.m2\repository\org\junit\jupiter\junit-jupiter-engine\5.7.2\junit-jupiter-engine-5.7.2.jar;C:\Users\Anirban Goswami\.m2\repository\org\junit\platform\junit-platform-engine\1.7.2\junit-platform-engine-1.7.2.jar;C:\Users\Anirban Goswami\.m2\repository\org\mockito\mockito-junit-jupiter\3.9.0\mockito-junit-jupiter-3.9.0.jar;C:\Users\Anirban Goswami\.m2\repository\org\skyscreamer\jsonassert\1.5.0\jsonassert-1.5.0.jar;C:\Users\Anirban Goswami\.m2\repository\com\vaadin\external\google\android-json\0.0.20131108.vaadin1\android-json-0.0.20131108.vaadin1.jar;C:\Users\Anirban Goswami\.m2\repository\org\springframework\spring-core\5.3.8\spring-core-5.3.8.jar;C:\Users\Anirban Goswami\.m2\repository\org\springframework\spring-jcl\5.3.8\spring-jcl-5.3.8.jar;C:\Users\Anirban Goswami\.m2\repository\org\springframework\spring-test\5.3.8\spring-test-5.3.8.jar;C:\Users\Anirban Goswami\.m2\repository\org\xmlunit\xmlunit-core\2.8.2\xmlunit-core-2.8.2.jar;C:\Users\Anirban Goswami\.m2\repository\junit\junit\4.11\junit-4.11.jar;C:\Users\Anirban Goswami\.m2\repository\org\hamcrest\hamcrest-core\2.2\hamcrest-core-2.2.jar;C:\Users\Anirban Goswami\.m2\repository\org\mockito\mockito-core\3.9.0\mockito-core-3.9.0.jar;C:\Users\Anirban Goswami\.m2\repository\net\bytebuddy\byte-buddy\1.10.22\byte-buddy-1.10.22.jar;C:\Users\Anirban Goswami\.m2\repository\net\bytebuddy\byte-buddy-agent\1.10.22\byte-buddy-agent-1.10.22.jar;C:\Users\Anirban Goswami\.m2\repository\org\objenesis\objenesis\3.2\objenesis-3.2.jar;C:\Users\Anirban Goswami\.m2\repository\io\springfox\springfox-swagger-ui\2.8.0\springfox-swagger-ui-2.8.0.jar;C:\Users\Anirban Goswami\.m2\repository\io\springfox\springfox-spring-web\2.8.0\springfox-spring-web-2.8.0.jar;C:\Users\Anirban Goswami\.m2\repository\org\reflections\reflections\0.9.11\reflections-0.9.11.jar;C:\Users\Anirban Goswami\.m2\repository\io\springfox\springfox-swagger2\2.8.0\springfox-swagger2-2.8.0.jar;C:\Users\Anirban Goswami\.m2\repository\io\swagger\swagger-annotations\1.5.14\swagger-annotations-1.5.14.jar;C:\Users\Anirban Goswami\.m2\repository\io\swagger\swagger-models\1.5.14\swagger-models-1.5.14.jar;C:\Users\Anirban Goswami\.m2\repository\com\fasterxml\jackson\core\jackson-annotations\2.12.3\jackson-annotations-2.12.3.jar;C:\Users\Anirban Goswami\.m2\repository\io\springfox\springfox-spi\2.8.0\springfox-spi-2.8.0.jar;C:\Users\Anirban Goswami\.m2\repository\io\springfox\springfox-core\2.8.0\springfox-core-2.8.0.jar;C:\Users\Anirban Goswami\.m2\repository\io\springfox\springfox-schema\2.8.0\springfox-schema-2.8.0.jar;C:\Users\Anirban Goswami\.m2\repository\io\springfox\springfox-swagger-common\2.8.0\springfox-swagger-common-2.8.0.jar;C:\Users\Anirban Goswami\.m2\repository\com\google\guava\guava\20.0\guava-20.0.jar;C:\Users\Anirban Goswami\.m2\repository\com\fasterxml\classmate\1.5.1\classmate-1.5.1.jar;C:\Users\Anirban Goswami\.m2\repository\org\slf4j\slf4j-api\1.7.31\slf4j-api-1.7.31.jar;C:\Users\Anirban Goswami\.m2\repository\org\springframework\plugin\spring-plugin-core\1.2.0.RELEASE\spring-plugin-core-1.2.0.RELEASE.jar;C:\Users\Anirban Goswami\.m2\repository\org\springframework\plugin\spring-plugin-metadata\1.2.0.RELEASE\spring-plugin-metadata-1.2.0.RELEASE.jar;C:\Users\Anirban Goswami\.m2\repository\org\mapstruct\mapstruct\1.2.0.Final\mapstruct-1.2.0.Final.jar;C:\Users\Anirban Goswami\.m2\repository\io\springfox\springfox-bean-validators\2.8.0\springfox-bean-validators-2.8.0.jar;C:\Users\Anirban Goswami\.m2\repository\javax\validation\validation-api\2.0.1.Final\validation-api-2.0.1.Final.jar;"/>
    <property name="java.vm.vendor" value="Oracle Corporation"/>
    <property name="sun.arch.data.model" value="64"/>
    <property name="user.variant" value=""/>
    <property name="java.vendor.url" value="http://java.oracle.com/"/>
    <property name="user.timezone" value="Asia/Calcutta"/>
    <property name="java.vm.specification.version" value="1.8"/>
    <property name="os.name" value="Windows 10"/>
    <property name="user.country" value="US"/>
    <property name="sun.java.launcher" value="SUN_STANDARD"/>
    <property name="sun.boot.library.path" value="C:\Program Files\Java\jdk1.8.0_291\jre\bin"/>
    <property name="sun.java.command" value="C:\Users\ANIRBA~1\AppData\Local\Temp\surefire281786556274088907\surefirebooter8862977907307911321.jar C:\Users\Anirban Goswami\AppData\Local\Temp\surefire281786556274088907 2021-08-10T09-16-05_171-jvmRun1 surefire9042755080138346904tmp surefire_06733246513151030280tmp"/>
    <property name="surefire.test.class.path" value="D:\Capgemini Project\CBA\target\test-classes;D:\Capgemini Project\CBA\target\classes;C:\Users\Anirban Goswami\.m2\repository\org\springframework\boot\spring-boot-starter-data-jpa\2.5.2\spring-boot-starter-data-jpa-2.5.2.jar;C:\Users\Anirban Goswami\.m2\repository\org\springframework\boot\spring-boot-starter-aop\2.5.2\spring-boot-starter-aop-2.5.2.jar;C:\Users\Anirban Goswami\.m2\repository\org\springframework\spring-aop\5.3.8\spring-aop-5.3.8.jar;C:\Users\Anirban Goswami\.m2\repository\org\aspectj\aspectjweaver\1.9.6\aspectjweaver-1.9.6.jar;C:\Users\Anirban Goswami\.m2\repository\org\springframework\boot\spring-boot-starter-jdbc\2.5.2\spring-boot-starter-jdbc-2.5.2.jar;C:\Users\Anirban Goswami\.m2\repository\com\zaxxer\HikariCP\4.0.3\HikariCP-4.0.3.jar;C:\Users\Anirban Goswami\.m2\repository\org\springframework\spring-jdbc\5.3.8\spring-jdbc-5.3.8.jar;C:\Users\Anirban Goswami\.m2\repository\jakarta\transaction\jakarta.transaction-api\1.3.3\jakarta.transaction-api-1.3.3.jar;C:\Users\Anirban Goswami\.m2\repository\jakarta\persistence\jakarta.persistence-api\2.2.3\jakarta.persistence-api-2.2.3.jar;C:\Users\Anirban Goswami\.m2\repository\org\hibernate\hibernate-core\5.4.32.Final\hibernate-core-5.4.32.Final.jar;C:\Users\Anirban Goswami\.m2\repository\org\jboss\logging\jboss-logging\3.4.2.Final\jboss-logging-3.4.2.Final.jar;C:\Users\Anirban Goswami\.m2\repository\org\javassist\javassist\3.27.0-GA\javassist-3.27.0-GA.jar;C:\Users\Anirban Goswami\.m2\repository\antlr\antlr\2.7.7\antlr-2.7.7.jar;C:\Users\Anirban Goswami\.m2\repository\org\jboss\jandex\2.2.3.Final\jandex-2.2.3.Final.jar;C:\Users\Anirban Goswami\.m2\repository\org\dom4j\dom4j\2.1.3\dom4j-2.1.3.jar;C:\Users\Anirban Goswami\.m2\repository\org\hibernate\common\hibernate-commons-annotations\5.1.2.Final\hibernate-commons-annotations-5.1.2.Final.jar;C:\Users\Anirban Goswami\.m2\repository\org\glassfish\jaxb\jaxb-runtime\2.3.4\jaxb-runtime-2.3.4.jar;C:\Users\Anirban Goswami\.m2\repository\org\glassfish\jaxb\txw2\2.3.4\txw2-2.3.4.jar;C:\Users\Anirban Goswami\.m2\repository\com\sun\istack\istack-commons-runtime\3.0.12\istack-commons-runtime-3.0.12.jar;C:\Users\Anirban Goswami\.m2\repository\com\sun\activation\jakarta.activation\1.2.2\jakarta.activation-1.2.2.jar;C:\Users\Anirban Goswami\.m2\repository\org\springframework\data\spring-data-jpa\2.5.2\spring-data-jpa-2.5.2.jar;C:\Users\Anirban Goswami\.m2\repository\org\springframework\data\spring-data-commons\2.5.2\spring-data-commons-2.5.2.jar;C:\Users\Anirban Goswami\.m2\repository\org\springframework\spring-orm\5.3.8\spring-orm-5.3.8.jar;C:\Users\Anirban Goswami\.m2\repository\org\springframework\spring-context\5.3.8\spring-context-5.3.8.jar;C:\Users\Anirban Goswami\.m2\repository\org\springframework\spring-tx\5.3.8\spring-tx-5.3.8.jar;C:\Users\Anirban Goswami\.m2\repository\org\springframework\spring-beans\5.3.8\spring-beans-5.3.8.jar;C:\Users\Anirban Goswami\.m2\repository\org\springframework\spring-aspects\5.3.8\spring-aspects-5.3.8.jar;C:\Users\Anirban Goswami\.m2\repository\org\springframework\boot\spring-boot-starter-web\2.5.2\spring-boot-starter-web-2.5.2.jar;C:\Users\Anirban Goswami\.m2\repository\org\springframework\boot\spring-boot-starter\2.5.2\spring-boot-starter-2.5.2.jar;C:\Users\Anirban Goswami\.m2\repository\org\springframework\boot\spring-boot-starter-logging\2.5.2\spring-boot-starter-logging-2.5.2.jar;C:\Users\Anirban Goswami\.m2\repository\ch\qos\logback\logback-classic\1.2.3\logback-classic-1.2.3.jar;C:\Users\Anirban Goswami\.m2\repository\ch\qos\logback\logback-core\1.2.3\logback-core-1.2.3.jar;C:\Users\Anirban Goswami\.m2\repository\org\apache\logging\log4j\log4j-to-slf4j\2.14.1\log4j-to-slf4j-2.14.1.jar;C:\Users\Anirban Goswami\.m2\repository\org\apache\logging\log4j\log4j-api\2.14.1\log4j-api-2.14.1.jar;C:\Users\Anirban Goswami\.m2\repository\org\slf4j\jul-to-slf4j\1.7.31\jul-to-slf4j-1.7.31.jar;C:\Users\Anirban Goswami\.m2\repository\jakarta\annotation\jakarta.annotation-api\1.3.5\jakarta.annotation-api-1.3.5.jar;C:\Users\Anirban Goswami\.m2\repository\org\yaml\snakeyaml\1.28\snakeyaml-1.28.jar;C:\Users\Anirban Goswami\.m2\repository\org\springframework\boot\spring-boot-starter-json\2.5.2\spring-boot-starter-json-2.5.2.jar;C:\Users\Anirban Goswami\.m2\repository\com\fasterxml\jackson\core\jackson-databind\2.12.3\jackson-databind-2.12.3.jar;C:\Users\Anirban Goswami\.m2\repository\com\fasterxml\jackson\core\jackson-core\2.12.3\jackson-core-2.12.3.jar;C:\Users\Anirban Goswami\.m2\repository\com\fasterxml\jackson\datatype\jackson-datatype-jdk8\2.12.3\jackson-datatype-jdk8-2.12.3.jar;C:\Users\Anirban Goswami\.m2\repository\com\fasterxml\jackson\datatype\jackson-datatype-jsr310\2.12.3\jackson-datatype-jsr310-2.12.3.jar;C:\Users\Anirban Goswami\.m2\repository\com\fasterxml\jackson\module\jackson-module-parameter-names\2.12.3\jackson-module-parameter-names-2.12.3.jar;C:\Users\Anirban Goswami\.m2\repository\org\springframework\boot\spring-boot-starter-tomcat\2.5.2\spring-boot-starter-tomcat-2.5.2.jar;C:\Users\Anirban Goswami\.m2\repository\org\apache\tomcat\embed\tomcat-embed-core\9.0.48\tomcat-embed-core-9.0.48.jar;C:\Users\Anirban Goswami\.m2\repository\org\apache\tomcat\embed\tomcat-embed-el\9.0.48\tomcat-embed-el-9.0.48.jar;C:\Users\Anirban Goswami\.m2\repository\org\apache\tomcat\embed\tomcat-embed-websocket\9.0.48\tomcat-embed-websocket-9.0.48.jar;C:\Users\Anirban Goswami\.m2\repository\org\springframework\spring-web\5.3.8\spring-web-5.3.8.jar;C:\Users\Anirban Goswami\.m2\repository\org\springframework\spring-webmvc\5.3.8\spring-webmvc-5.3.8.jar;C:\Users\Anirban Goswami\.m2\repository\org\springframework\spring-expression\5.3.8\spring-expression-5.3.8.jar;C:\Users\Anirban Goswami\.m2\repository\org\springframework\boot\spring-boot-devtools\2.5.2\spring-boot-devtools-2.5.2.jar;C:\Users\Anirban Goswami\.m2\repository\org\springframework\boot\spring-boot\2.5.2\spring-boot-2.5.2.jar;C:\Users\Anirban Goswami\.m2\repository\org\springframework\boot\spring-boot-autoconfigure\2.5.2\spring-boot-autoconfigure-2.5.2.jar;C:\Users\Anirban Goswami\.m2\repository\com\oracle\database\jdbc\ojdbc8\21.1.0.0\ojdbc8-21.1.0.0.jar;C:\Users\Anirban Goswami\.m2\repository\org\springframework\boot\spring-boot-starter-test\2.5.2\spring-boot-starter-test-2.5.2.jar;C:\Users\Anirban Goswami\.m2\repository\org\springframework\boot\spring-boot-test\2.5.2\spring-boot-test-2.5.2.jar;C:\Users\Anirban Goswami\.m2\repository\org\springframework\boot\spring-boot-test-autoconfigure\2.5.2\spring-boot-test-autoconfigure-2.5.2.jar;C:\Users\Anirban Goswami\.m2\repository\com\jayway\jsonpath\json-path\2.5.0\json-path-2.5.0.jar;C:\Users\Anirban Goswami\.m2\repository\net\minidev\json-smart\2.4.7\json-smart-2.4.7.jar;C:\Users\Anirban Goswami\.m2\repository\net\minidev\accessors-smart\2.4.7\accessors-smart-2.4.7.jar;C:\Users\Anirban Goswami\.m2\repository\org\ow2\asm\asm\9.1\asm-9.1.jar;C:\Users\Anirban Goswami\.m2\repository\jakarta\xml\bind\jakarta.xml.bind-api\2.3.3\jakarta.xml.bind-api-2.3.3.jar;C:\Users\Anirban Goswami\.m2\repository\jakarta\activation\jakarta.activation-api\1.2.2\jakarta.activation-api-1.2.2.jar;C:\Users\Anirban Goswami\.m2\repository\org\assertj\assertj-core\3.19.0\assertj-core-3.19.0.jar;C:\Users\Anirban Goswami\.m2\repository\org\hamcrest\hamcrest\2.2\hamcrest-2.2.jar;C:\Users\Anirban Goswami\.m2\repository\org\junit\jupiter\junit-jupiter\5.7.2\junit-jupiter-5.7.2.jar;C:\Users\Anirban Goswami\.m2\repository\org\junit\jupiter\junit-jupiter-api\5.7.2\junit-jupiter-api-5.7.2.jar;C:\Users\Anirban Goswami\.m2\repository\org\apiguardian\apiguardian-api\1.1.0\apiguardian-api-1.1.0.jar;C:\Users\Anirban Goswami\.m2\repository\org\opentest4j\opentest4j\1.2.0\opentest4j-1.2.0.jar;C:\Users\Anirban Goswami\.m2\repository\org\junit\platform\junit-platform-commons\1.7.2\junit-platform-commons-1.7.2.jar;C:\Users\Anirban Goswami\.m2\repository\org\junit\jupiter\junit-jupiter-params\5.7.2\junit-jupiter-params-5.7.2.jar;C:\Users\Anirban Goswami\.m2\repository\org\junit\jupiter\junit-jupiter-engine\5.7.2\junit-jupiter-engine-5.7.2.jar;C:\Users\Anirban Goswami\.m2\repository\org\junit\platform\junit-platform-engine\1.7.2\junit-platform-engine-1.7.2.jar;C:\Users\Anirban Goswami\.m2\repository\org\mockito\mockito-junit-jupiter\3.9.0\mockito-junit-jupiter-3.9.0.jar;C:\Users\Anirban Goswami\.m2\repository\org\skyscreamer\jsonassert\1.5.0\jsonassert-1.5.0.jar;C:\Users\Anirban Goswami\.m2\repository\com\vaadin\external\google\android-json\0.0.20131108.vaadin1\android-json-0.0.20131108.vaadin1.jar;C:\Users\Anirban Goswami\.m2\repository\org\springframework\spring-core\5.3.8\spring-core-5.3.8.jar;C:\Users\Anirban Goswami\.m2\repository\org\springframework\spring-jcl\5.3.8\spring-jcl-5.3.8.jar;C:\Users\Anirban Goswami\.m2\repository\org\springframework\spring-test\5.3.8\spring-test-5.3.8.jar;C:\Users\Anirban Goswami\.m2\repository\org\xmlunit\xmlunit-core\2.8.2\xmlunit-core-2.8.2.jar;C:\Users\Anirban Goswami\.m2\repository\junit\junit\4.11\junit-4.11.jar;C:\Users\Anirban Goswami\.m2\repository\org\hamcrest\hamcrest-core\2.2\hamcrest-core-2.2.jar;C:\Users\Anirban Goswami\.m2\repository\org\mockito\mockito-core\3.9.0\mockito-core-3.9.0.jar;C:\Users\Anirban Goswami\.m2\repository\net\bytebuddy\byte-buddy\1.10.22\byte-buddy-1.10.22.jar;C:\Users\Anirban Goswami\.m2\repository\net\bytebuddy\byte-buddy-agent\1.10.22\byte-buddy-agent-1.10.22.jar;C:\Users\Anirban Goswami\.m2\repository\org\objenesis\objenesis\3.2\objenesis-3.2.jar;C:\Users\Anirban Goswami\.m2\repository\io\springfox\springfox-swagger-ui\2.8.0\springfox-swagger-ui-2.8.0.jar;C:\Users\Anirban Goswami\.m2\repository\io\springfox\springfox-spring-web\2.8.0\springfox-spring-web-2.8.0.jar;C:\Users\Anirban Goswami\.m2\repository\org\reflections\reflections\0.9.11\reflections-0.9.11.jar;C:\Users\Anirban Goswami\.m2\repository\io\springfox\springfox-swagger2\2.8.0\springfox-swagger2-2.8.0.jar;C:\Users\Anirban Goswami\.m2\repository\io\swagger\swagger-annotations\1.5.14\swagger-annotations-1.5.14.jar;C:\Users\Anirban Goswami\.m2\repository\io\swagger\swagger-models\1.5.14\swagger-models-1.5.14.jar;C:\Users\Anirban Goswami\.m2\repository\com\fasterxml\jackson\core\jackson-annotations\2.12.3\jackson-annotations-2.12.3.jar;C:\Users\Anirban Goswami\.m2\repository\io\springfox\springfox-spi\2.8.0\springfox-spi-2.8.0.jar;C:\Users\Anirban Goswami\.m2\repository\io\springfox\springfox-core\2.8.0\springfox-core-2.8.0.jar;C:\Users\Anirban Goswami\.m2\repository\io\springfox\springfox-schema\2.8.0\springfox-schema-2.8.0.jar;C:\Users\Anirban Goswami\.m2\repository\io\springfox\springfox-swagger-common\2.8.0\springfox-swagger-common-2.8.0.jar;C:\Users\Anirban Goswami\.m2\repository\com\google\guava\guava\20.0\guava-20.0.jar;C:\Users\Anirban Goswami\.m2\repository\com\fasterxml\classmate\1.5.1\classmate-1.5.1.jar;C:\Users\Anirban Goswami\.m2\repository\org\slf4j\slf4j-api\1.7.31\slf4j-api-1.7.31.jar;C:\Users\Anirban Goswami\.m2\repository\org\springframework\plugin\spring-plugin-core\1.2.0.RELEASE\spring-plugin-core-1.2.0.RELEASE.jar;C:\Users\Anirban Goswami\.m2\repository\org\springframework\plugin\spring-plugin-metadata\1.2.0.RELEASE\spring-plugin-metadata-1.2.0.RELEASE.jar;C:\Users\Anirban Goswami\.m2\repository\org\mapstruct\mapstruct\1.2.0.Final\mapstruct-1.2.0.Final.jar;C:\Users\Anirban Goswami\.m2\repository\io\springfox\springfox-bean-validators\2.8.0\springfox-bean-validators-2.8.0.jar;C:\Users\Anirban Goswami\.m2\repository\javax\validation\validation-api\2.0.1.Final\validation-api-2.0.1.Final.jar;"/>
    <property name="sun.cpu.endian" value="little"/>
    <property name="user.home" value="C:\Users\Anirban Goswami"/>
    <property name="user.language" value="en"/>
    <property name="java.specification.vendor" value="Oracle Corporation"/>
    <property name="java.home" value="C:\Program Files\Java\jdk1.8.0_291\jre"/>
    <property name="basedir" value="D:\Capgemini Project\CBA"/>
    <property name="file.separator" value="\"/>
    <property name="line.separator" value="&#10;"/>
    <property name="java.vm.specification.vendor" value="Oracle Corporation"/>
    <property name="java.specification.name" value="Java Platform API Specification"/>
    <property name="java.awt.graphicsenv" value="sun.awt.Win32GraphicsEnvironment"/>
    <property name="surefire.real.class.path" value="C:\Users\ANIRBA~1\AppData\Local\Temp\surefire281786556274088907\surefirebooter8862977907307911321.jar"/>
    <property name="sun.boot.class.path" value="C:\Program Files\Java\jdk1.8.0_291\jre\lib\resources.jar;C:\Program Files\Java\jdk1.8.0_291\jre\lib\rt.jar;C:\Program Files\Java\jdk1.8.0_291\jre\lib\sunrsasign.jar;C:\Program Files\Java\jdk1.8.0_291\jre\lib\jsse.jar;C:\Program Files\Java\jdk1.8.0_291\jre\lib\jce.jar;C:\Program Files\Java\jdk1.8.0_291\jre\lib\charsets.jar;C:\Program Files\Java\jdk1.8.0_291\jre\lib\jfr.jar;C:\Program Files\Java\jdk1.8.0_291\jre\classes"/>
    <property name="user.script" value=""/>
    <property name="sun.management.compiler" value="HotSpot 64-Bit Tiered Compilers"/>
    <property name="java.runtime.version" value="1.8.0_291-b10"/>
    <property name="user.name" value="Anirban Goswami"/>
    <property name="path.separator" value=";"/>
    <property name="os.version" value="10.0"/>
    <property name="java.endorsed.dirs" value="C:\Program Files\Java\jdk1.8.0_291\jre\lib\endorsed"/>
    <property name="java.runtime.name" value="Java(TM) SE Runtime Environment"/>
    <property name="file.encoding" value="Cp1252"/>
    <property name="java.vm.name" value="Java HotSpot(TM) 64-Bit Server VM"/>
    <property name="localRepository" value="C:\Users\Anirban Goswami\.m2\repository"/>
    <property name="java.vendor.url.bug" value="http://bugreport.sun.com/bugreport/"/>
    <property name="java.io.tmpdir" value="C:\Users\ANIRBA~1\AppData\Local\Temp\"/>
    <property name="java.version" value="1.8.0_291"/>
    <property name="user.dir" value="D:\Capgemini Project\CBA"/>
    <property name="os.arch" value="amd64"/>
    <property name="java.vm.specification.name" value="Java Virtual Machine Specification"/>
    <property name="java.awt.printerjob" value="sun.awt.windows.WPrinterJob"/>
    <property name="sun.os.patch.level" value=""/>
    <property name="java.library.path" value="C:\Program Files\Java\jdk1.8.0_291\jre\bin;C:\Windows\Sun\Java\bin;C:\Windows\system32;C:\Windows;C:\Users\Anirban Goswami\apache-maven-3.8.1/bin;C:\Program Files\Java\jdk1.8.0_291/bin;C:\Program Files\Java\jdk1.8.0_291/bin;C:\oraclexe\app\oracle\product\11.2.0\server\bin;C:\Python39\Scripts\;C:\Python39\;C:\Program Files (x86)\Common Files\Oracle\Java\javapath;C:\Windows\system32;C:\Windows;C:\Windows\System32\Wbem;C:\Windows\System32\WindowsPowerShell\v1.0\;C:\Windows\System32\OpenSSH\;C:\Program Files\Microsoft VS Code\bin;C:\Program Files\Crucial\Crucial Storage Executive;C:\ProgramData\chocolatey\bin;C:\Program Files\nodejs\;C:\Program Files\Git\cmd;C:\TDM-GCC-64\bin;C:\Program Files\Java\jdk1.8.0_291\bin;C:\Users\Anirban Goswami\AppData\Local\Programs\Python\Python39\Scripts\;C:\Users\Anirban Goswami\AppData\Local\Programs\Python\Python39\;C:\Users\Anirban Goswami\AppData\Local\Microsoft\WindowsApps;C:\Users\Anirban Goswami\AppData\Roaming\npm;."/>
    <property name="java.vm.info" value="mixed mode"/>
    <property name="java.vendor" value="Oracle Corporation"/>
    <property name="java.vm.version" value="25.291-b10"/>
    <property name="java.ext.dirs" value="C:\Program Files\Java\jdk1.8.0_291\jre\lib\ext;C:\Windows\Sun\Java\lib\ext"/>
    <property name="sun.io.unicode.encoding" value="UnicodeLittle"/>
    <property name="java.class.version" value="52.0"/>
  </properties>
  <testcase name="LoginUserTest" classname="com.cg.mts.servicetest.CustomerServiceTest" time="0.015">
    <failure message="expected: &lt;Rishi is logged in&gt; but was: &lt;Username or Password is wrong.&gt;" type="org.opentest4j.AssertionFailedError"><![CDATA[org.opentest4j.AssertionFailedError: expected: <Rishi is logged in> but was: <Username or Password is wrong.>
	at com.cg.mts.servicetest.CustomerServiceTest.LoginUserTest(CustomerServiceTest.java:98)
]]></failure>
    <system-out><![CDATA[&amp#27;[34m21-08-10 Tue 09:16:26.0761&amp#27;[0;39m &amp#27;[32mINFO &amp#27;[0;39m &amp#27;[34mSpringBootTestContextBootstrapper&amp#27;[0;39m &amp#27;[2mNeither @ContextConfiguration nor @ContextHierarchy found for test class [com.cg.mts.servicetest.CustomerServiceTest], using SpringBootContextLoader&amp#27;[0;39m
&amp#27;[34m21-08-10 Tue 09:16:26.0763&amp#27;[0;39m &amp#27;[32mINFO &amp#27;[0;39m &amp#27;[34mAbstractContextLoader&amp#27;[0;39m &amp#27;[2mCould not detect default resource locations for test class [com.cg.mts.servicetest.CustomerServiceTest]: no resource found for suffixes {-context.xml, Context.groovy}.&amp#27;[0;39m
&amp#27;[34m21-08-10 Tue 09:16:26.0764&amp#27;[0;39m &amp#27;[32mINFO &amp#27;[0;39m &amp#27;[34mAnnotationConfigContextLoaderUtils&amp#27;[0;39m &amp#27;[2mCould not detect default configuration classes for test class [com.cg.mts.servicetest.CustomerServiceTest]: CustomerServiceTest does not declare any static, non-private, non-final, nested classes annotated with @Configuration.&amp#27;[0;39m
&amp#27;[34m21-08-10 Tue 09:16:26.0782&amp#27;[0;39m &amp#27;[32mINFO &amp#27;[0;39m &amp#27;[34mSpringBootTestContextBootstrapper&amp#27;[0;39m &amp#27;[2mFound @SpringBootConfiguration com.cg.mts.CabBookingApplication for test class com.cg.mts.servicetest.CustomerServiceTest&amp#27;[0;39m
&amp#27;[34m21-08-10 Tue 09:16:26.0786&amp#27;[0;39m &amp#27;[32mINFO &amp#27;[0;39m &amp#27;[34mSpringBootTestContextBootstrapper&amp#27;[0;39m &amp#27;[2mLoaded default TestExecutionListener class names from location [META-INF/spring.factories]: [org.springframework.boot.test.mock.mockito.MockitoTestExecutionListener, org.springframework.boot.test.mock.mockito.ResetMocksTestExecutionListener, org.springframework.boot.test.autoconfigure.restdocs.RestDocsTestExecutionListener, org.springframework.boot.test.autoconfigure.web.client.MockRestServiceServerResetTestExecutionListener, org.springframework.boot.test.autoconfigure.web.servlet.MockMvcPrintOnlyOnFailureTestExecutionListener, org.springframework.boot.test.autoconfigure.web.servlet.WebDriverTestExecutionListener, org.springframework.boot.test.autoconfigure.webservices.client.MockWebServiceServerTestExecutionListener, org.springframework.test.context.web.ServletTestExecutionListener, org.springframework.test.context.support.DirtiesContextBeforeModesTestExecutionListener, org.springframework.test.context.event.ApplicationEventsTestExecutionListener, org.springframework.test.context.support.DependencyInjectionTestExecutionListener, org.springframework.test.context.support.DirtiesContextTestExecutionListener, org.springframework.test.context.transaction.TransactionalTestExecutionListener, org.springframework.test.context.jdbc.SqlScriptsTestExecutionListener, org.springframework.test.context.event.EventPublishingTestExecutionListener]&amp#27;[0;39m
&amp#27;[34m21-08-10 Tue 09:16:26.0787&amp#27;[0;39m &amp#27;[32mINFO &amp#27;[0;39m &amp#27;[34mSpringBootTestContextBootstrapper&amp#27;[0;39m &amp#27;[2mUsing TestExecutionListeners: [org.springframework.test.context.web.ServletTestExecutionListener@402d45c6, org.springframework.test.context.support.DirtiesContextBeforeModesTestExecutionListener@4b37b01e, org.springframework.test.context.event.ApplicationEventsTestExecutionListener@f53db1a, org.springframework.boot.test.mock.mockito.MockitoTestExecutionListener@6870e039, org.springframework.boot.test.autoconfigure.SpringBootDependencyInjectionTestExecutionListener@42599b84, org.springframework.test.context.support.DirtiesContextTestExecutionListener@34986491, org.springframework.test.context.transaction.TransactionalTestExecutionListener@2582e213, org.springframework.test.context.jdbc.SqlScriptsTestExecutionListener@4a1cafb2, org.springframework.test.context.event.EventPublishingTestExecutionListener@441798ce, org.springframework.boot.test.mock.mockito.ResetMocksTestExecutionListener@335cd031, org.springframework.boot.test.autoconfigure.restdocs.RestDocsTestExecutionListener@17c3e33, org.springframework.boot.test.autoconfigure.web.client.MockRestServiceServerResetTestExecutionListener@2eb27091, org.springframework.boot.test.autoconfigure.web.servlet.MockMvcPrintOnlyOnFailureTestExecutionListener@561b4c61, org.springframework.boot.test.autoconfigure.web.servlet.WebDriverTestExecutionListener@313c3cb, org.springframework.boot.test.autoconfigure.webservices.client.MockWebServiceServerTestExecutionListener@63fef83c]&amp#27;[0;39m

  .   ____          _            __ _ _
 /\\ / ___'_ __ _ _(_)_ __  __ _ \ \ \ \
( ( )\___ | '_ | '_| | '_ \/ _` | \ \ \ \
 \\/  ___)| |_)| | | | | || (_| |  ) ) ) )
  '  |____| .__|_| |_|_| |_\__, | / / / /
 =========|_|==============|___/=/_/_/_/
&amp#27;[32m :: Spring Boot :: &amp#27;[39m              &amp#27;[2m (v2.5.2)&amp#27;[0;39m

&amp#27;[34m21-08-10 Tue 09:16:26.0828&amp#27;[0;39m &amp#27;[32mINFO &amp#27;[0;39m &amp#27;[34mCustomerServiceTest&amp#27;[0;39m &amp#27;[2mStarting CustomerServiceTest using Java 1.8.0_291 on Anirban-PC with PID 9220 (started by Anirban Goswami in D:\Capgemini Project\CBA)&amp#27;[0;39m
&amp#27;[34m21-08-10 Tue 09:16:26.0831&amp#27;[0;39m &amp#27;[32mINFO &amp#27;[0;39m &amp#27;[34mCustomerServiceTest&amp#27;[0;39m &amp#27;[2mNo active profile set, falling back to default profiles: default&amp#27;[0;39m
&amp#27;[34m21-08-10 Tue 09:16:27.0285&amp#27;[0;39m &amp#27;[32mINFO &amp#27;[0;39m &amp#27;[34mRepositoryConfigurationDelegate&amp#27;[0;39m &amp#27;[2mBootstrapping Spring Data JPA repositories in DEFAULT mode.&amp#27;[0;39m
&amp#27;[34m21-08-10 Tue 09:16:27.0310&amp#27;[0;39m &amp#27;[32mINFO &amp#27;[0;39m &amp#27;[34mRepositoryConfigurationDelegate&amp#27;[0;39m &amp#27;[2mFinished Spring Data repository scanning in 25 ms. Found 5 JPA repository interfaces.&amp#27;[0;39m
&amp#27;[34m21-08-10 Tue 09:16:27.0564&amp#27;[0;39m &amp#27;[32mINFO &amp#27;[0;39m &amp#27;[34mLogHelper&amp#27;[0;39m &amp#27;[2mHHH000204: Processing PersistenceUnitInfo [name: default]&amp#27;[0;39m
&amp#27;[34m21-08-10 Tue 09:16:27.0569&amp#27;[0;39m &amp#27;[32mINFO &amp#27;[0;39m &amp#27;[34mHikariDataSource&amp#27;[0;39m &amp#27;[2mHikariPool-4 - Starting...&amp#27;[0;39m
&amp#27;[34m21-08-10 Tue 09:16:27.0569&amp#27;[0;39m &amp#27;[33mWARN &amp#27;[0;39m &amp#27;[34mDriverDataSource&amp#27;[0;39m &amp#27;[2mRegistered driver with driverClassName=oracle.jdbc.driver.OracleDriver was not found, trying direct instantiation.&amp#27;[0;39m
&amp#27;[34m21-08-10 Tue 09:16:27.0592&amp#27;[0;39m &amp#27;[32mINFO &amp#27;[0;39m &amp#27;[34mHikariDataSource&amp#27;[0;39m &amp#27;[2mHikariPool-4 - Start completed.&amp#27;[0;39m
&amp#27;[34m21-08-10 Tue 09:16:27.0592&amp#27;[0;39m &amp#27;[32mINFO &amp#27;[0;39m &amp#27;[34mDialect&amp#27;[0;39m &amp#27;[2mHHH000400: Using dialect: org.hibernate.dialect.Oracle10gDialect&amp#27;[0;39m
&amp#27;[34m21-08-10 Tue 09:16:27.0689&amp#27;[0;39m &amp#27;[32mDEBUG&amp#27;[0;39m &amp#27;[34mSQL&amp#27;[0;39m &amp#27;[2m
    
    drop table admin cascade constraints&amp#27;[0;39m
&amp#27;[34m21-08-10 Tue 09:16:27.0729&amp#27;[0;39m &amp#27;[32mDEBUG&amp#27;[0;39m &amp#27;[34mSQL&amp#27;[0;39m &amp#27;[2m
    
    drop table cab cascade constraints&amp#27;[0;39m
&amp#27;[34m21-08-10 Tue 09:16:27.0754&amp#27;[0;39m &amp#27;[32mDEBUG&amp#27;[0;39m &amp#27;[34mSQL&amp#27;[0;39m &amp#27;[2m
    
    drop table customer cascade constraints&amp#27;[0;39m
&amp#27;[34m21-08-10 Tue 09:16:27.0788&amp#27;[0;39m &amp#27;[32mDEBUG&amp#27;[0;39m &amp#27;[34mSQL&amp#27;[0;39m &amp#27;[2m
    
    drop table driver cascade constraints&amp#27;[0;39m
&amp#27;[34m21-08-10 Tue 09:16:27.0809&amp#27;[0;39m &amp#27;[32mDEBUG&amp#27;[0;39m &amp#27;[34mSQL&amp#27;[0;39m &amp#27;[2m
    
    drop table trip cascade constraints&amp#27;[0;39m
&amp#27;[34m21-08-10 Tue 09:16:27.0834&amp#27;[0;39m &amp#27;[32mDEBUG&amp#27;[0;39m &amp#27;[34mSQL&amp#27;[0;39m &amp#27;[2m
    
    drop sequence admin_seq&amp#27;[0;39m
&amp#27;[34m21-08-10 Tue 09:16:27.0837&amp#27;[0;39m &amp#27;[32mDEBUG&amp#27;[0;39m &amp#27;[34mSQL&amp#27;[0;39m &amp#27;[2m
    
    drop sequence cab_seq&amp#27;[0;39m
&amp#27;[34m21-08-10 Tue 09:16:27.0841&amp#27;[0;39m &amp#27;[32mDEBUG&amp#27;[0;39m &amp#27;[34mSQL&amp#27;[0;39m &amp#27;[2m
    
    drop sequence customer_seq&amp#27;[0;39m
&amp#27;[34m21-08-10 Tue 09:16:27.0844&amp#27;[0;39m &amp#27;[32mDEBUG&amp#27;[0;39m &amp#27;[34mSQL&amp#27;[0;39m &amp#27;[2m
    
    drop sequence driver_sequence&amp#27;[0;39m
&amp#27;[34m21-08-10 Tue 09:16:27.0847&amp#27;[0;39m &amp#27;[32mDEBUG&amp#27;[0;39m &amp#27;[34mSQL&amp#27;[0;39m &amp#27;[2mcreate sequence admin_seq start with 1001 increment by  50&amp#27;[0;39m
&amp#27;[34m21-08-10 Tue 09:16:27.0851&amp#27;[0;39m &amp#27;[32mDEBUG&amp#27;[0;39m &amp#27;[34mSQL&amp#27;[0;39m &amp#27;[2mcreate sequence cab_seq start with 1101 increment by  50&amp#27;[0;39m
&amp#27;[34m21-08-10 Tue 09:16:27.0855&amp#27;[0;39m &amp#27;[32mDEBUG&amp#27;[0;39m &amp#27;[34mSQL&amp#27;[0;39m &amp#27;[2mcreate sequence customer_seq start with 201 increment by  50&amp#27;[0;39m
&amp#27;[34m21-08-10 Tue 09:16:27.0858&amp#27;[0;39m &amp#27;[32mDEBUG&amp#27;[0;39m &amp#27;[34mSQL&amp#27;[0;39m &amp#27;[2mcreate sequence driver_sequence start with 1 increment by  50&amp#27;[0;39m
&amp#27;[34m21-08-10 Tue 09:16:27.0861&amp#27;[0;39m &amp#27;[32mDEBUG&amp#27;[0;39m &amp#27;[34mSQL&amp#27;[0;39m &amp#27;[2m
    
    create table admin (
       admin_id number(19,0) not null,
        email varchar2(255 char),
        mobile_number varchar2(255 char),
        password varchar2(255 char),
        username varchar2(255 char),
        primary key (admin_id)
    )&amp#27;[0;39m
&amp#27;[34m21-08-10 Tue 09:16:27.0875&amp#27;[0;39m &amp#27;[32mDEBUG&amp#27;[0;39m &amp#27;[34mSQL&amp#27;[0;39m &amp#27;[2m
    
    create table cab (
       cab_id number(10,0) not null,
        car_type varchar2(255 char),
        per_km_rate float not null,
        primary key (cab_id)
    )&amp#27;[0;39m
&amp#27;[34m21-08-10 Tue 09:16:27.0888&amp#27;[0;39m &amp#27;[32mDEBUG&amp#27;[0;39m &amp#27;[34mSQL&amp#27;[0;39m &amp#27;[2m
    
    create table customer (
       customer_id number(19,0) not null,
        email varchar2(255 char),
        mobile_number varchar2(255 char),
        password varchar2(255 char),
        username varchar2(255 char),
        primary key (customer_id)
    )&amp#27;[0;39m
&amp#27;[34m21-08-10 Tue 09:16:27.0901&amp#27;[0;39m &amp#27;[32mDEBUG&amp#27;[0;39m &amp#27;[34mSQL&amp#27;[0;39m &amp#27;[2m
    
    create table driver (
       driver_id number(19,0) not null,
        email varchar2(255 char),
        mobile_number varchar2(255 char),
        password varchar2(255 char),
        username varchar2(255 char),
        license_no varchar2(255 char),
        rating float not null,
        cab_id number(10,0),
        primary key (driver_id)
    )&amp#27;[0;39m
&amp#27;[34m21-08-10 Tue 09:16:27.0916&amp#27;[0;39m &amp#27;[32mDEBUG&amp#27;[0;39m &amp#27;[34mSQL&amp#27;[0;39m &amp#27;[2m
    
    create table trip (
       trip_booking_id number(10,0) not null,
        bill float not null,
        distance_in_km float not null,
        from_date_time timestamp,
        from_location varchar2(255 char),
        status number(1,0) not null,
        to_date_time timestamp,
        to_location varchar2(255 char),
        customer_id number(19,0),
        driver_id number(19,0),
        primary key (trip_booking_id)
    )&amp#27;[0;39m
&amp#27;[34m21-08-10 Tue 09:16:27.0932&amp#27;[0;39m &amp#27;[32mDEBUG&amp#27;[0;39m &amp#27;[34mSQL&amp#27;[0;39m &amp#27;[2m
    
    alter table driver 
       add constraint FKmbbi59vofxcqoo19732cimfsu 
       foreign key (cab_id) 
       references cab&amp#27;[0;39m
&amp#27;[34m21-08-10 Tue 09:16:27.0949&amp#27;[0;39m &amp#27;[32mDEBUG&amp#27;[0;39m &amp#27;[34mSQL&amp#27;[0;39m &amp#27;[2m
    
    alter table trip 
       add constraint FKorkmd9n10ycexg7ska268g4es 
       foreign key (customer_id) 
       references customer&amp#27;[0;39m
&amp#27;[34m21-08-10 Tue 09:16:27.0958&amp#27;[0;39m &amp#27;[32mDEBUG&amp#27;[0;39m &amp#27;[34mSQL&amp#27;[0;39m &amp#27;[2m
    
    alter table trip 
       add constraint FKpuhkx68hnwy4by2b0onybv5x1 
       foreign key (driver_id) 
       references driver&amp#27;[0;39m
&amp#27;[34m21-08-10 Tue 09:16:27.0969&amp#27;[0;39m &amp#27;[32mINFO &amp#27;[0;39m &amp#27;[34mJtaPlatformInitiator&amp#27;[0;39m &amp#27;[2mHHH000490: Using JtaPlatform implementation: [org.hibernate.engine.transaction.jta.platform.internal.NoJtaPlatform]&amp#27;[0;39m
&amp#27;[34m21-08-10 Tue 09:16:27.0970&amp#27;[0;39m &amp#27;[32mINFO &amp#27;[0;39m &amp#27;[34mLocalContainerEntityManagerFactoryBean&amp#27;[0;39m &amp#27;[2mInitialized JPA EntityManagerFactory for persistence unit 'default'&amp#27;[0;39m
&amp#27;[34m21-08-10 Tue 09:16:28.0501&amp#27;[0;39m &amp#27;[33mWARN &amp#27;[0;39m &amp#27;[34mJpaBaseConfiguration$JpaWebConfiguration&amp#27;[0;39m &amp#27;[2mspring.jpa.open-in-view is enabled by default. Therefore, database queries may be performed during view rendering. Explicitly configure spring.jpa.open-in-view to disable this warning&amp#27;[0;39m
&amp#27;[34m21-08-10 Tue 09:16:28.0742&amp#27;[0;39m &amp#27;[32mINFO &amp#27;[0;39m &amp#27;[34mPropertySourcedRequestMappingHandlerMapping&amp#27;[0;39m &amp#27;[2mMapped URL path [/v2/api-docs] onto method [springfox.documentation.swagger2.web.Swagger2Controller#getDocumentation(String, HttpServletRequest)]&amp#27;[0;39m
&amp#27;[34m21-08-10 Tue 09:16:29.0328&amp#27;[0;39m &amp#27;[32mINFO &amp#27;[0;39m &amp#27;[34mDocumentationPluginsBootstrapper&amp#27;[0;39m &amp#27;[2mContext refreshed&amp#27;[0;39m
&amp#27;[34m21-08-10 Tue 09:16:29.0329&amp#27;[0;39m &amp#27;[32mINFO &amp#27;[0;39m &amp#27;[34mDocumentationPluginsBootstrapper&amp#27;[0;39m &amp#27;[2mFound 1 custom documentation plugin(s)&amp#27;[0;39m
&amp#27;[34m21-08-10 Tue 09:16:29.0335&amp#27;[0;39m &amp#27;[32mINFO &amp#27;[0;39m &amp#27;[34mApiListingReferenceScanner&amp#27;[0;39m &amp#27;[2mScanning for api listing references&amp#27;[0;39m
&amp#27;[34m21-08-10 Tue 09:16:29.0425&amp#27;[0;39m &amp#27;[32mINFO &amp#27;[0;39m &amp#27;[34mCustomerServiceTest&amp#27;[0;39m &amp#27;[2mStarted CustomerServiceTest in 2.634 seconds (JVM running for 23.87)&amp#27;[0;39m
]]></system-out>
  </testcase>
  <testcase name="deleteCustomerTest" classname="com.cg.mts.servicetest.CustomerServiceTest" time="0.005"/>
  <testcase name="insertCustomerTest" classname="com.cg.mts.servicetest.CustomerServiceTest" time="0.005"/>
  <testcase name="updateCustomerTest" classname="com.cg.mts.servicetest.CustomerServiceTest" time="0.006"/>
</testsuite>